<?xml version="1.0" encoding="UTF-8"?>
<!-- Generated by org.testng.reporters.JUnitXMLReporter -->
<testsuite ignored="0" hostname="DESKTOP-KMCTGLT" failures="0" tests="3" name="Default test" time="0.901" errors="0" timestamp="2024-01-12T16:44:19 IST">
  <testcase classname="Base_Package.Base_Class" name="@BeforeMethod openBrowser" time="-1.705058059525E9">
    <failure type="org.testng.TestNGException" message="
Can inject only one of &amp;lt;ITestContext, XmlTest, Method, Object[], ITestResult&amp;gt; into a @BeforeMethod annotated openBrowser.
For more information on native dependency injection please refer to https://testng.org/doc/documentation-main.html#native-dependency-injection">
      <![CDATA[org.testng.TestNGException: 
Can inject only one of <ITestContext, XmlTest, Method, Object[], ITestResult> into a @BeforeMethod annotated openBrowser.
For more information on native dependency injection please refer to https://testng.org/doc/documentation-main.html#native-dependency-injection
at org.testng.internal.Parameters.checkParameterTypes(Parameters.java:439)
at org.testng.internal.Parameters.createParametersForMethod(Parameters.java:353)
at org.testng.internal.Parameters.createParameters(Parameters.java:708)
at org.testng.internal.Parameters.createConfigurationParameters(Parameters.java:168)
at org.testng.internal.ConfigInvoker.invokeConfigurations(ConfigInvoker.java:302)
at org.testng.internal.TestInvoker.runConfigMethods(TestInvoker.java:700)
at org.testng.internal.TestInvoker.invokeMethod(TestInvoker.java:527)
at org.testng.internal.TestInvoker.invokeTestMethod(TestInvoker.java:173)
at org.testng.internal.MethodRunner.runInSequence(MethodRunner.java:46)
at org.testng.internal.TestInvoker$MethodInvocationAgent.invoke(TestInvoker.java:824)
at org.testng.internal.TestInvoker.invokeTestMethods(TestInvoker.java:146)
at org.testng.internal.TestMethodWorker.invokeTestMethods(TestMethodWorker.java:146)
at org.testng.internal.TestMethodWorker.run(TestMethodWorker.java:128)
at java.base/java.util.ArrayList.forEach(ArrayList.java:1511)
at org.testng.TestRunner.privateRun(TestRunner.java:794)
at org.testng.TestRunner.run(TestRunner.java:596)
at org.testng.SuiteRunner.runTest(SuiteRunner.java:377)
at org.testng.SuiteRunner.runSequentially(SuiteRunner.java:371)
at org.testng.SuiteRunner.privateRun(SuiteRunner.java:332)
at org.testng.SuiteRunner.run(SuiteRunner.java:276)
at org.testng.SuiteRunnerWorker.runSuite(SuiteRunnerWorker.java:53)
at org.testng.SuiteRunnerWorker.run(SuiteRunnerWorker.java:96)
at org.testng.TestNG.runSuitesSequentially(TestNG.java:1212)
at org.testng.TestNG.runSuitesLocally(TestNG.java:1134)
at org.testng.TestNG.runSuites(TestNG.java:1063)
at org.testng.TestNG.run(TestNG.java:1031)
at org.testng.remote.AbstractRemoteTestNG.run(AbstractRemoteTestNG.java:115)
at org.testng.remote.RemoteTestNG.initAndRun(RemoteTestNG.java:251)
at org.testng.remote.RemoteTestNG.main(RemoteTestNG.java:77)
]]>
    </failure>
  </testcase> <!-- @BeforeMethod openBrowser -->
  <testcase classname="Base_Package.Base_Class" name="@AfterMethod teardown" time="-1.705058059549E9">
    <skipped/>
  </testcase> <!-- @AfterMethod teardown -->
  <testcase classname="Base_Package.Base_Class" name="@BeforeMethod openBrowser" time="-1.705058059552E9">
    <skipped/>
  </testcase> <!-- @BeforeMethod openBrowser -->
  <testcase classname="Base_Package.Base_Class" name="@AfterMethod teardown" time="-1.70505805956E9">
    <skipped/>
  </testcase> <!-- @AfterMethod teardown -->
  <testcase classname="Base_Package.Base_Class" name="@BeforeMethod openBrowser" time="-1.705058059562E9">
    <skipped/>
  </testcase> <!-- @BeforeMethod openBrowser -->
  <testcase classname="Base_Package.Base_Class" name="@AfterMethod teardown" time="-1.705058059572E9">
    <skipped/>
  </testcase> <!-- @AfterMethod teardown -->
  <testcase classname="Test_Package.TC_003_forgotpassword_test" name="test_forgotPassword" time="0.0">
    <skipped/>
  </testcase> <!-- test_forgotPassword -->
  <testcase classname="Test_Package.TC_003_forgotpassword_test" name="test_forgotPassword" time="0.0">
    <skipped/>
  </testcase> <!-- test_forgotPassword -->
  <testcase classname="Test_Package.TC_003_forgotpassword_test" name="test_forgotPassword" time="0.0">
    <skipped/>
  </testcase> <!-- test_forgotPassword -->
</testsuite> <!-- Default test -->
